<?xml version="1.0" encoding="UTF-8"?>
<!-- Generated by org.testng.reporters.JUnitXMLReporter -->
<testsuite ignored="0" hostname="DESKTOP-9902K5V" failures="0" tests="4" name="Default test" time="20.932" errors="0" timestamp="2024-02-02T23:37:24 IST">
  <testcase classname="api.testcases.UserTest2" name="testCreateUser" time="6.154"/>
  <testcase classname="api.testcases.UserTest2" name="testGetUserData" time="3.233"/>
  <testcase classname="api.testcases.UserTest2" name="testUpdateUser" time="7.335"/>
  <testcase classname="api.testcases.UserTest2" name="testDeleteUser" time="2.83"/>
</testsuite> <!-- Default test -->
