<?xml version="1.0" encoding="UTF-8"?>
<!-- Generated by org.testng.reporters.JUnitXMLReporter -->
<testsuite ignored="0" hostname="DESKTOP-9902K5V" failures="0" tests="4" name="Test" time="19.134" errors="0" timestamp="2024-02-02T23:02:46 IST">
  <testcase classname="api.testcases.UserTest" name="testCreateUser" time="5.15"/>
  <testcase classname="api.testcases.UserTest" name="testGetUser" time="2.857"/>
  <testcase classname="api.testcases.UserTest" name="testUpdateUser" time="5.76"/>
  <testcase classname="api.testcases.UserTest" name="testDeleteUser" time="3.65"/>
</testsuite> <!-- Test -->
