<?xml version="1.0" encoding="UTF-8"?>
<!-- Generated by org.testng.reporters.JUnitXMLReporter -->
<testsuite ignored="0" hostname="DESKTOP-9902K5V" failures="0" tests="4" name="Test" time="10.884" errors="0" timestamp="2024-02-03T00:47:40 IST">
  <testcase classname="api.testcases.UserTest" name="testCreateUser" time="3.601"/>
  <testcase classname="api.testcases.UserTest" name="testGetUser" time="1.301"/>
  <testcase classname="api.testcases.UserTest" name="testUpdateUser" time="2.597"/>
  <testcase classname="api.testcases.UserTest" name="testDeleteUser" time="2.232"/>
</testsuite> <!-- Test -->
